<?xml version="1.0" encoding="UTF-8"?>
<coverage generated="1784083889622" clover="3.2.0">
  <project timestamp="1784083889622" name="All files">
    <metrics statements="51" coveredstatements="50" conditionals="42" coveredconditionals="27" methods="11" coveredmethods="11" elements="104" coveredelements="88" complexity="0" loc="51" ncloc="51" packages="3" files="5" classes="5"/>
    <package name="src">
      <metrics statements="19" coveredstatements="19" conditionals="14" coveredconditionals="7" methods="2" coveredmethods="2"/>
      <file name="FirtsStepsApp.tsx" path="/Users/hashi/Documents/repos/React/firts-steps/src/FirtsStepsApp.tsx">
        <metrics statements="5" coveredstatements="5" conditionals="2" coveredconditionals="1" methods="1" coveredmethods="1"/>
        <line num="8" count="1" type="stmt"/>
        <line num="16" count="3" type="cond" truecount="1" falsecount="1"/>
        <line num="18" count="3" type="stmt"/>
        <line num="26" count="9" type="stmt"/>
        <line num="31" count="3" type="stmt"/>
      </file>
      <file name="MyAwesomeApp.tsx" path="/Users/hashi/Documents/repos/React/firts-steps/src/MyAwesomeApp.tsx">
        <metrics statements="14" coveredstatements="14" conditionals="12" coveredconditionals="6" methods="1" coveredmethods="1"/>
        <line num="3" count="1" type="stmt"/>
        <line num="4" count="1" type="stmt"/>
        <line num="6" count="1" type="stmt"/>
        <line num="7" count="1" type="stmt"/>
        <line num="9" count="1" type="stmt"/>
        <line num="17" count="1" type="stmt"/>
        <line num="23" count="2" type="cond" truecount="1" falsecount="1"/>
        <line num="26" count="2" type="stmt"/>
        <line num="27" count="2" type="stmt"/>
        <line num="28" count="2" type="cond" truecount="1" falsecount="1"/>
        <line num="30" count="2" type="stmt"/>
        <line num="31" count="2" type="cond" truecount="1" falsecount="1"/>
        <line num="33" count="2" type="cond" truecount="2" falsecount="2"/>
        <line num="39" count="2" type="stmt"/>
      </file>
    </package>
    <package name="src.helpers">
      <metrics statements="8" coveredstatements="8" conditionals="0" coveredconditionals="0" methods="4" coveredmethods="4"/>
      <file name="math.helper.ts" path="/Users/hashi/Documents/repos/React/firts-steps/src/helpers/math.helper.ts">
        <metrics statements="8" coveredstatements="8" conditionals="0" coveredconditionals="0" methods="4" coveredmethods="4"/>
        <line num="4" count="1" type="stmt"/>
        <line num="6" count="2" type="stmt"/>
        <line num="10" count="1" type="stmt"/>
        <line num="11" count="2" type="stmt"/>
        <line num="15" count="1" type="stmt"/>
        <line num="17" count="3" type="stmt"/>
        <line num="20" count="1" type="stmt"/>
        <line num="22" count="1" type="stmt"/>
      </file>
    </package>
    <package name="src.shopping-cart">
      <metrics statements="24" coveredstatements="23" conditionals="28" coveredconditionals="20" methods="5" coveredmethods="5"/>
      <file name="ItemCounter.tsx" path="/Users/hashi/Documents/repos/React/firts-steps/src/shopping-cart/ItemCounter.tsx">
        <metrics statements="24" coveredstatements="23" conditionals="28" coveredconditionals="20" methods="5" coveredmethods="5"/>
        <line num="11" count="9" type="cond" truecount="2" falsecount="0"/>
        <line num="14" count="9" type="cond" truecount="1" falsecount="1"/>
        <line num="16" count="9" type="stmt"/>
        <line num="17" count="1" type="stmt"/>
        <line num="18" count="1" type="stmt"/>
        <line num="19" count="9" type="cond" truecount="1" falsecount="1"/>
        <line num="21" count="9" type="stmt"/>
        <line num="22" count="2" type="stmt"/>
        <line num="23" count="2" type="cond" truecount="2" falsecount="0"/>
        <line num="26" count="1" type="stmt"/>
        <line num="27" count="0" type="stmt"/>
        <line num="31" count="9" type="stmt"/>
        <line num="40" count="7" type="stmt"/>
        <line num="41" count="7" type="stmt"/>
        <line num="42" count="9" type="cond" truecount="4" falsecount="0"/>
        <line num="43" count="9" type="cond" truecount="5" falsecount="1"/>
        <line num="44" count="9" type="stmt"/>
        <line num="46" count="1" type="stmt"/>
        <line num="48" count="9" type="cond" truecount="1" falsecount="1"/>
        <line num="49" count="9" type="cond" truecount="1" falsecount="1"/>
        <line num="50" count="9" type="stmt"/>
        <line num="52" count="2" type="stmt"/>
        <line num="54" count="9" type="cond" truecount="3" falsecount="3"/>
        <line num="55" count="9" type="stmt"/>
      </file>
      <file name="itemCouter.module.css" path="/Users/hashi/Documents/repos/React/firts-steps/src/shopping-cart/itemCouter.module.css">
        <metrics statements="0" coveredstatements="0" conditionals="0" coveredconditionals="0" methods="0" coveredmethods="0"/>
      </file>
    </package>
  </project>
</coverage>
