{"/Users/hashi/Documents/repos/React/firts-steps/src/FirtsStepsApp.tsx": {"path":"/Users/hashi/Documents/repos/React/firts-steps/src/FirtsStepsApp.tsx","statementMap":{"0":{"start":{"line":8,"column":32},"end":{"line":11,"column":null}},"1":{"start":{"line":16,"column":7},"end":{"line":16,"column":null}},"2":{"start":{"line":16,"column":7},"end":{"line":31,"column":null}},"3":{"start":{"line":18,"column":8},"end":{"line":28,"column":null}},"4":{"start":{"line":31,"column":11},"end":{"line":31,"column":null}},"5":{"start":{"line":31,"column":11},"end":{"line":18,"column":null}},"6":{"start":{"line":26,"column":33},"end":{"line":26,"column":55}},"7":{"start":{"line":26,"column":55},"end":{"line":27,"column":106}}},"fnMap":{"0":{"name":"FirstStepsApp","decl":{"start":{"line":16,"column":7},"end":{"line":16,"column":null}},"loc":{"start":{"line":16,"column":7},"end":{"line":31,"column":null}},"line":16}},"branchMap":{"0":{"loc":{"start":{"line":16,"column":7},"end":{"line":31,"column":null}},"type":"if","locations":[{"start":{"line":16,"column":7},"end":{"line":31,"column":null}},{"start":{"line":31,"column":11},"end":{"line":31,"column":null}}],"line":16}},"s":{"0":1,"1":3,"2":3,"3":3,"4":0,"5":3,"6":9,"7":9},"f":{"0":12},"b":{"0":[3,0]},"meta":{"lastBranch":1,"lastFunction":1,"lastStatement":8,"seen":{"s:8:32:11:Infinity":0,"f:16:7:16:Infinity":0,"s:16:7:16:Infinity":1,"b:16:7:31:Infinity:31:11:31:Infinity":0,"s:16:7:31:Infinity":2,"s:18:8:28:Infinity":3,"s:31:11:31:Infinity":4,"s:31:11:18:Infinity":5,"s:26:33:26:55":6,"s:26:55:27:106":7},"fnNames":{}}}
,"/Users/hashi/Documents/repos/React/firts-steps/src/MyAwesomeApp.tsx": {"path":"/Users/hashi/Documents/repos/React/firts-steps/src/MyAwesomeApp.tsx","statementMap":{"0":{"start":{"line":3,"column":15},"end":{"line":3,"column":null}},"1":{"start":{"line":4,"column":17},"end":{"line":4,"column":null}},"2":{"start":{"line":6,"column":15},"end":{"line":6,"column":null}},"3":{"start":{"line":7,"column":15},"end":{"line":7,"column":null}},"4":{"start":{"line":9,"column":32},"end":{"line":15,"column":null}},"5":{"start":{"line":17,"column":20},"end":{"line":20,"column":null}},"6":{"start":{"line":23,"column":7},"end":{"line":23,"column":null}},"7":{"start":{"line":23,"column":7},"end":{"line":28,"column":null}},"8":{"start":{"line":27,"column":12},"end":{"line":27,"column":null}},"9":{"start":{"line":28,"column":12},"end":{"line":28,"column":null}},"10":{"start":{"line":28,"column":31},"end":{"line":28,"column":null}},"11":{"start":{"line":28,"column":31},"end":{"line":31,"column":null}},"12":{"start":{"line":30,"column":12},"end":{"line":30,"column":null}},"13":{"start":{"line":31,"column":12},"end":{"line":31,"column":null}},"14":{"start":{"line":31,"column":26},"end":{"line":31,"column":null}},"15":{"start":{"line":31,"column":26},"end":{"line":33,"column":null}},"16":{"start":{"line":33,"column":12},"end":{"line":33,"column":null}},"17":{"start":{"line":33,"column":54},"end":{"line":33,"column":null}},"18":{"start":{"line":33,"column":54},"end":{"line":39,"column":null}},"19":{"start":{"line":26,"column":8},"end":{"line":39,"column":null}},"20":{"start":{"line":39,"column":14},"end":{"line":39,"column":null}},"21":{"start":{"line":39,"column":14},"end":{"line":26,"column":25}}},"fnMap":{"0":{"name":"MyAwesomeApp","decl":{"start":{"line":23,"column":7},"end":{"line":23,"column":null}},"loc":{"start":{"line":23,"column":7},"end":{"line":39,"column":null}},"line":23}},"branchMap":{"0":{"loc":{"start":{"line":11,"column":18},"end":{"line":11,"column":null}},"type":"cond-expr","locations":[{"start":{"line":11,"column":27},"end":{"line":11,"column":32}},{"start":{"line":11,"column":32},"end":{"line":11,"column":null}}],"line":11},"1":{"loc":{"start":{"line":23,"column":7},"end":{"line":28,"column":null}},"type":"if","locations":[{"start":{"line":23,"column":7},"end":{"line":28,"column":null}},{"start":{"line":28,"column":31},"end":{"line":28,"column":null}}],"line":23},"2":{"loc":{"start":{"line":28,"column":31},"end":{"line":31,"column":null}},"type":"if","locations":[{"start":{"line":28,"column":31},"end":{"line":31,"column":null}},{"start":{"line":31,"column":26},"end":{"line":31,"column":null}}],"line":28},"3":{"loc":{"start":{"line":31,"column":26},"end":{"line":33,"column":null}},"type":"if","locations":[{"start":{"line":31,"column":26},"end":{"line":33,"column":null}},{"start":{"line":33,"column":54},"end":{"line":33,"column":null}}],"line":31},"4":{"loc":{"start":{"line":33,"column":17},"end":{"line":33,"column":54}},"type":"cond-expr","locations":[{"start":{"line":33,"column":17},"end":{"line":33,"column":54}},{"start":{"line":33,"column":17},"end":{"line":33,"column":54}}],"line":33},"5":{"loc":{"start":{"line":33,"column":54},"end":{"line":39,"column":null}},"type":"if","locations":[{"start":{"line":33,"column":54},"end":{"line":39,"column":null}},{"start":{"line":39,"column":14},"end":{"line":39,"column":null}}],"line":33}},"s":{"0":1,"1":1,"2":1,"3":1,"4":1,"5":1,"6":2,"7":2,"8":2,"9":2,"10":0,"11":2,"12":2,"13":2,"14":0,"15":2,"16":2,"17":0,"18":2,"19":2,"20":0,"21":2},"f":{"0":2},"b":{"0":[0,1],"1":[2,0],"2":[2,0],"3":[2,0],"4":[0,2],"5":[2,0]},"meta":{"lastBranch":6,"lastFunction":1,"lastStatement":22,"seen":{"s:3:15:3:Infinity":0,"s:4:17:4:Infinity":1,"s:6:15:6:Infinity":2,"s:7:15:7:Infinity":3,"s:9:32:15:Infinity":4,"b:11:27:11:32:11:32:11:Infinity":0,"s:17:20:20:Infinity":5,"f:23:7:23:Infinity":0,"s:23:7:23:Infinity":6,"b:23:7:28:Infinity:28:31:28:Infinity":1,"s:23:7:28:Infinity":7,"s:27:12:27:Infinity":8,"s:28:12:28:Infinity":9,"s:28:31:28:Infinity":10,"b:28:31:31:Infinity:31:26:31:Infinity":2,"s:28:31:31:Infinity":11,"s:30:12:30:Infinity":12,"s:31:12:31:Infinity":13,"s:31:26:31:Infinity":14,"b:31:26:33:Infinity:33:54:33:Infinity":3,"s:31:26:33:Infinity":15,"s:33:12:33:Infinity":16,"b:33:17:33:54:33:17:33:54":4,"s:33:54:33:Infinity":17,"b:33:54:39:Infinity:39:14:39:Infinity":5,"s:33:54:39:Infinity":18,"s:26:8:39:Infinity":19,"s:39:14:39:Infinity":20,"s:39:14:26:25":21},"fnNames":{}}}
,"/Users/hashi/Documents/repos/React/firts-steps/src/helpers/math.helper.ts": {"path":"/Users/hashi/Documents/repos/React/firts-steps/src/helpers/math.helper.ts","statementMap":{"0":{"start":{"line":4,"column":13},"end":{"line":7,"column":null}},"1":{"start":{"line":6,"column":4},"end":{"line":6,"column":null}},"2":{"start":{"line":10,"column":13},"end":{"line":12,"column":null}},"3":{"start":{"line":11,"column":4},"end":{"line":11,"column":null}},"4":{"start":{"line":15,"column":13},"end":{"line":18,"column":null}},"5":{"start":{"line":17,"column":4},"end":{"line":17,"column":null}},"6":{"start":{"line":20,"column":13},"end":{"line":23,"column":null}},"7":{"start":{"line":22,"column":4},"end":{"line":22,"column":null}}},"fnMap":{"0":{"name":"(anonymous_0)","decl":{"start":{"line":4,"column":13},"end":{"line":4,"column":21}},"loc":{"start":{"line":4,"column":42},"end":{"line":7,"column":null}},"line":4},"1":{"name":"(anonymous_1)","decl":{"start":{"line":10,"column":13},"end":{"line":10,"column":22}},"loc":{"start":{"line":10,"column":43},"end":{"line":12,"column":null}},"line":10},"2":{"name":"(anonymous_2)","decl":{"start":{"line":15,"column":13},"end":{"line":15,"column":31}},"loc":{"start":{"line":15,"column":52},"end":{"line":18,"column":null}},"line":15},"3":{"name":"(anonymous_3)","decl":{"start":{"line":20,"column":13},"end":{"line":20,"column":25}},"loc":{"start":{"line":20,"column":46},"end":{"line":23,"column":null}},"line":20}},"branchMap":{},"s":{"0":1,"1":2,"2":1,"3":2,"4":1,"5":3,"6":1,"7":1},"f":{"0":2,"1":2,"2":3,"3":1},"b":{},"meta":{"lastBranch":0,"lastFunction":4,"lastStatement":8,"seen":{"s:4:13:7:Infinity":0,"f:4:13:4:21":0,"s:6:4:6:Infinity":1,"s:10:13:12:Infinity":2,"f:10:13:10:22":1,"s:11:4:11:Infinity":3,"s:15:13:18:Infinity":4,"f:15:13:15:31":2,"s:17:4:17:Infinity":5,"s:20:13:23:Infinity":6,"f:20:13:20:25":3,"s:22:4:22:Infinity":7},"fnNames":{}}}
,"/Users/hashi/Documents/repos/React/firts-steps/src/shopping-cart/ItemCounter.tsx": {"path":"/Users/hashi/Documents/repos/React/firts-steps/src/shopping-cart/ItemCounter.tsx","statementMap":{"0":{"start":{"line":11,"column":13},"end":{"line":55,"column":null}},"1":{"start":{"line":11,"column":27},"end":{"line":11,"column":28}},"2":{"start":{"line":11,"column":28},"end":{"line":11,"column":38}},"3":{"start":{"line":11,"column":38},"end":{"line":11,"column":null}},"4":{"start":{"line":14,"column":2},"end":{"line":14,"column":47}},"5":{"start":{"line":14,"column":47},"end":{"line":19,"column":null}},"6":{"start":{"line":16,"column":20},"end":{"line":18,"column":null}},"7":{"start":{"line":17,"column":4},"end":{"line":17,"column":null}},"8":{"start":{"line":18,"column":4},"end":{"line":18,"column":23}},"9":{"start":{"line":19,"column":3},"end":{"line":19,"column":null}},"10":{"start":{"line":16,"column":20},"end":{"line":16,"column":null}},"11":{"start":{"line":19,"column":3},"end":{"line":27,"column":null}},"12":{"start":{"line":21,"column":20},"end":{"line":26,"column":null}},"13":{"start":{"line":22,"column":4},"end":{"line":22,"column":null}},"14":{"start":{"line":23,"column":4},"end":{"line":23,"column":null}},"15":{"start":{"line":23,"column":17},"end":{"line":23,"column":null}},"16":{"start":{"line":26,"column":4},"end":{"line":26,"column":23}},"17":{"start":{"line":27,"column":3},"end":{"line":27,"column":null}},"18":{"start":{"line":21,"column":20},"end":{"line":21,"column":null}},"19":{"start":{"line":42,"column":15},"end":{"line":42,"column":24}},"20":{"start":{"line":42,"column":42},"end":{"line":43,"column":10}},"21":{"start":{"line":41,"column":13},"end":{"line":43,"column":7}},"22":{"start":{"line":43,"column":7},"end":{"line":43,"column":10}},"23":{"start":{"line":43,"column":7},"end":{"line":43,"column":null}},"24":{"start":{"line":40,"column":6},"end":{"line":43,"column":null}},"25":{"start":{"line":43,"column":24},"end":{"line":43,"column":null}},"26":{"start":{"line":43,"column":24},"end":{"line":48,"column":null}},"27":{"start":{"line":44,"column":6},"end":{"line":48,"column":null}},"28":{"start":{"line":46,"column":10},"end":{"line":46,"column":21}},"29":{"start":{"line":48,"column":18},"end":{"line":48,"column":null}},"30":{"start":{"line":48,"column":18},"end":{"line":49,"column":null}},"31":{"start":{"line":49,"column":6},"end":{"line":49,"column":null}},"32":{"start":{"line":49,"column":46},"end":{"line":49,"column":null}},"33":{"start":{"line":49,"column":46},"end":{"line":54,"column":null}},"34":{"start":{"line":50,"column":6},"end":{"line":54,"column":null}},"35":{"start":{"line":52,"column":10},"end":{"line":52,"column":21}},"36":{"start":{"line":54,"column":18},"end":{"line":54,"column":null}},"37":{"start":{"line":54,"column":18},"end":{"line":55,"column":null}},"38":{"start":{"line":31,"column":4},"end":{"line":55,"column":null}},"39":{"start":{"line":55,"column":14},"end":{"line":55,"column":null}},"40":{"start":{"line":55,"column":14},"end":{"line":31,"column":25}}},"fnMap":{"0":{"name":"(anonymous_0)","decl":{"start":{"line":11,"column":13},"end":{"line":11,"column":27}},"loc":{"start":{"line":11,"column":27},"end":{"line":55,"column":null}},"line":11},"1":{"name":"(anonymous_1)","decl":{"start":{"line":16,"column":20},"end":{"line":16,"column":null}},"loc":{"start":{"line":16,"column":20},"end":{"line":18,"column":null}},"line":16},"2":{"name":"(anonymous_2)","decl":{"start":{"line":21,"column":20},"end":{"line":21,"column":null}},"loc":{"start":{"line":21,"column":20},"end":{"line":26,"column":null}},"line":21},"3":{"name":"(anonymous_3)","decl":{"start":{"line":45,"column":17},"end":{"line":45,"column":null}},"loc":{"start":{"line":45,"column":17},"end":{"line":46,"column":null}},"line":45},"4":{"name":"(anonymous_4)","decl":{"start":{"line":51,"column":17},"end":{"line":51,"column":null}},"loc":{"start":{"line":51,"column":17},"end":{"line":52,"column":null}},"line":51}},"branchMap":{"0":{"loc":{"start":{"line":11,"column":38},"end":{"line":11,"column":null}},"type":"cond-expr","locations":[{"start":{"line":11,"column":38},"end":{"line":11,"column":null}},{"start":{"line":11,"column":38},"end":{"line":11,"column":null}}],"line":11},"1":{"loc":{"start":{"line":14,"column":47},"end":{"line":19,"column":null}},"type":"if","locations":[{"start":{"line":14,"column":47},"end":{"line":19,"column":null}},{"start":{"line":19,"column":3},"end":{"line":19,"column":null}}],"line":14},"2":{"loc":{"start":{"line":19,"column":3},"end":{"line":27,"column":null}},"type":"if","locations":[{"start":{"line":19,"column":3},"end":{"line":27,"column":null}},{"start":{"line":27,"column":3},"end":{"line":27,"column":null}}],"line":19},"3":{"loc":{"start":{"line":23,"column":4},"end":{"line":23,"column":null}},"type":"if","locations":[{"start":{"line":23,"column":4},"end":{"line":23,"column":null}},{"start":{},"end":{}}],"line":23},"4":{"loc":{"start":{"line":42,"column":15},"end":{"line":42,"column":24}},"type":"cond-expr","locations":[{"start":{"line":42,"column":15},"end":{"line":42,"column":24}},{"start":{"line":42,"column":15},"end":{"line":42,"column":24}}],"line":42},"5":{"loc":{"start":{"line":42,"column":42},"end":{"line":43,"column":10}},"type":"if","locations":[{"start":{"line":42,"column":42},"end":{"line":43,"column":10}},{"start":{"line":43,"column":7},"end":{"line":43,"column":10}}],"line":42},"6":{"loc":{"start":{"line":43,"column":7},"end":{"line":43,"column":null}},"type":"if","locations":[{"start":{"line":43,"column":7},"end":{"line":43,"column":null}},{"start":{"line":43,"column":24},"end":{"line":43,"column":null}}],"line":43},"7":{"loc":{"start":{"line":43,"column":7},"end":{"line":43,"column":10}},"type":"binary-expr","locations":[{"start":{"line":43,"column":7},"end":{"line":43,"column":10}},{"start":{"line":43,"column":7},"end":{"line":43,"column":10}}],"line":43},"8":{"loc":{"start":{"line":43,"column":24},"end":{"line":48,"column":null}},"type":"if","locations":[{"start":{"line":43,"column":24},"end":{"line":48,"column":null}},{"start":{"line":48,"column":18},"end":{"line":48,"column":null}}],"line":43},"9":{"loc":{"start":{"line":48,"column":18},"end":{"line":49,"column":null}},"type":"if","locations":[{"start":{"line":48,"column":18},"end":{"line":49,"column":null}},{"start":{"line":49,"column":46},"end":{"line":49,"column":null}}],"line":48},"10":{"loc":{"start":{"line":49,"column":46},"end":{"line":54,"column":null}},"type":"if","locations":[{"start":{"line":49,"column":46},"end":{"line":54,"column":null}},{"start":{"line":54,"column":18},"end":{"line":54,"column":null}}],"line":49},"11":{"loc":{"start":{"line":54,"column":18},"end":{"line":55,"column":null}},"type":"if","locations":[{"start":{"line":54,"column":18},"end":{"line":55,"column":null}},{"start":{"line":55,"column":14},"end":{"line":55,"column":null}}],"line":54},"12":{"loc":{"start":{"line":54,"column":18},"end":{"line":54,"column":null}},"type":"binary-expr","locations":[{"start":{"line":54,"column":18},"end":{"line":54,"column":null}},{"start":{"line":54,"column":18},"end":{"line":54,"column":null}},{"start":{"line":54,"column":18},"end":{"line":54,"column":null}},{"start":{"line":54,"column":18},"end":{"line":54,"column":null}}],"line":54}},"s":{"0":1,"1":9,"2":9,"3":9,"4":9,"5":9,"6":9,"7":1,"8":1,"9":0,"10":9,"11":9,"12":9,"13":2,"14":2,"15":1,"16":1,"17":0,"18":9,"19":9,"20":9,"21":7,"22":2,"23":9,"24":7,"25":2,"26":9,"27":9,"28":1,"29":0,"30":9,"31":9,"32":0,"33":9,"34":9,"35":2,"36":0,"37":9,"38":9,"39":0,"40":9},"f":{"0":9,"1":1,"2":2,"3":1,"4":2},"b":{"0":[1,8],"1":[9,0],"2":[9,0],"3":[1,1],"4":[3,6],"5":[7,2],"6":[7,2],"7":[9,2],"8":[9,0],"9":[9,0],"10":[9,0],"11":[9,0],"12":[9,2,0,0]},"meta":{"lastBranch":13,"lastFunction":5,"lastStatement":41,"seen":{"s:11:13:55:Infinity":0,"f:11:13:11:27":0,"s:11:27:11:28":1,"s:11:28:11:38":2,"s:11:38:11:Infinity":3,"b:11:38:11:Infinity:11:38:11:Infinity":0,"s:14:2:14:47":4,"b:14:47:19:Infinity:19:3:19:Infinity":1,"s:14:47:19:Infinity":5,"s:16:20:18:Infinity":6,"f:16:20:16:Infinity":1,"s:17:4:17:Infinity":7,"s:18:4:18:23":8,"s:19:3:19:Infinity":9,"s:16:20:16:Infinity":10,"b:19:3:27:Infinity:27:3:27:Infinity":2,"s:19:3:27:Infinity":11,"s:21:20:26:Infinity":12,"f:21:20:21:Infinity":2,"s:22:4:22:Infinity":13,"b:23:4:23:Infinity:undefined:undefined:undefined:undefined":3,"s:23:4:23:Infinity":14,"s:23:17:23:Infinity":15,"s:26:4:26:23":16,"s:27:3:27:Infinity":17,"s:21:20:21:Infinity":18,"s:42:15:42:24":19,"b:42:15:42:24:42:15:42:24":4,"b:42:42:43:10:43:7:43:10":5,"s:42:42:43:10":20,"s:41:13:43:7":21,"s:43:7:43:10":22,"b:43:7:43:Infinity:43:24:43:Infinity":6,"s:43:7:43:Infinity":23,"b:43:7:43:10:43:7:43:10":7,"s:40:6:43:Infinity":24,"s:43:24:43:Infinity":25,"b:43:24:48:Infinity:48:18:48:Infinity":8,"s:43:24:48:Infinity":26,"s:44:6:48:Infinity":27,"f:45:17:45:Infinity":3,"s:46:10:46:21":28,"s:48:18:48:Infinity":29,"b:48:18:49:Infinity:49:46:49:Infinity":9,"s:48:18:49:Infinity":30,"s:49:6:49:Infinity":31,"s:49:46:49:Infinity":32,"b:49:46:54:Infinity:54:18:54:Infinity":10,"s:49:46:54:Infinity":33,"s:50:6:54:Infinity":34,"f:51:17:51:Infinity":4,"s:52:10:52:21":35,"s:54:18:54:Infinity":36,"b:54:18:55:Infinity:55:14:55:Infinity":11,"s:54:18:55:Infinity":37,"b:54:18:54:Infinity:54:18:54:Infinity:54:18:54:Infinity:54:18:54:Infinity":12,"s:31:4:55:Infinity":38,"s:55:14:55:Infinity":39,"s:55:14:31:25":40},"fnNames":{}}}
,"/Users/hashi/Documents/repos/React/firts-steps/src/shopping-cart/itemCouter.module.css": {"path":"/Users/hashi/Documents/repos/React/firts-steps/src/shopping-cart/itemCouter.module.css","statementMap":{},"fnMap":{},"branchMap":{},"s":{},"f":{},"b":{},"meta":{"lastBranch":0,"lastFunction":0,"lastStatement":0,"seen":{},"fnNames":{}}}
}
